2024-01-02 14:31:00,671 INFO com.mycompany.propertymanagement.exception.CustomExceptionHandler [http-nio-8080-exec-7] Inside field validation: info ownerEmail - Owner Email is mandatory 
2024-01-02 14:31:00,671 INFO com.mycompany.propertymanagement.exception.CustomExceptionHandler [http-nio-8080-exec-7] Inside field validation: info ownerEmail - ownerName cannot be empty
2024-01-02 14:31:01,719 INFO com.mycompany.propertymanagement.exception.CustomExceptionHandler [http-nio-8080-exec-6] Inside field validation: info ownerEmail - Owner Email is mandatory 
2024-01-02 14:31:01,720 INFO com.mycompany.propertymanagement.exception.CustomExceptionHandler [http-nio-8080-exec-6] Inside field validation: info ownerEmail - ownerName cannot be empty
2024-01-02 14:31:05,297 INFO com.mycompany.propertymanagement.exception.CustomExceptionHandler [http-nio-8080-exec-8] Inside field validation: info ownerEmail - Owner Email is mandatory 
2024-01-02 14:31:05,297 INFO com.mycompany.propertymanagement.exception.CustomExceptionHandler [http-nio-8080-exec-8] Inside field validation: info ownerEmail - ownerName cannot be empty
2024-01-02 14:31:24,534 INFO com.mycompany.propertymanagement.exception.CustomExceptionHandler [http-nio-8080-exec-10] Inside field validation: info ownerEmail - Owner Email is mandatory 
2024-01-02 14:31:24,535 INFO com.mycompany.propertymanagement.exception.CustomExceptionHandler [http-nio-8080-exec-10] Inside field validation: info ownerEmail - ownerName cannot be empty
2024-01-02 14:31:43,853 INFO com.mycompany.propertymanagement.exception.CustomExceptionHandler [http-nio-8080-exec-2] Inside field validation: info ownerEmail - ownerName cannot be empty
2024-01-02 14:31:43,853 INFO com.mycompany.propertymanagement.exception.CustomExceptionHandler [http-nio-8080-exec-2] Inside field validation: info ownerEmail - Owner Email is mandatory 
2024-01-02 14:31:52,337 INFO org.springframework.orm.jpa.LocalContainerEntityManagerFactoryBean [SpringApplicationShutdownHook] Closing JPA EntityManagerFactory for persistence unit 'default'
2024-01-02 14:31:52,339 INFO com.zaxxer.hikari.HikariDataSource [SpringApplicationShutdownHook] HikariPool-1 - Shutdown initiated...
2024-01-02 14:31:52,346 INFO com.zaxxer.hikari.HikariDataSource [SpringApplicationShutdownHook] HikariPool-1 - Shutdown completed.
2024-01-02 14:32:05,203 WARN org.hibernate.dialect.Dialect [main] HHH000511: The 5.5.0 version for [org.hibernate.dialect.MySQLDialect] is no longer supported, hence certain features may not work properly. The minimum supported version is 5.7.0. Check the community dialects project for available legacy versions.
2024-01-02 14:32:05,207 WARN org.hibernate.orm.deprecation [main] HHH90000025: MySQLDialect does not need to be specified explicitly using 'hibernate.dialect' (remove the property setting and it will be selected by default)
2024-01-02 14:32:06,104 WARN org.springframework.boot.autoconfigure.orm.jpa.JpaBaseConfiguration$JpaWebConfiguration [main] spring.jpa.open-in-view is enabled by default. Therefore, database queries may be performed during view rendering. Explicitly configure spring.jpa.open-in-view to disable this warning
2024-01-02 14:33:28,975 INFO org.hibernate.validator.internal.util.Version [background-preinit] HV000001: Hibernate Validator 8.0.1.Final
2024-01-02 14:33:29,009 INFO com.mycompany.propertymanagement.PropertyManagementApplication [main] Starting PropertyManagementApplication using Java 17.0.6 with PID 36012 (D:\self_learning\springboot2\udemy\property-management\target\classes started by 89734 in D:\self_learning\springboot2\udemy\property-management)
2024-01-02 14:33:29,010 INFO com.mycompany.propertymanagement.PropertyManagementApplication [main] The following 1 profile is active: "dev"
2024-01-02 14:33:29,509 INFO org.springframework.data.repository.config.RepositoryConfigurationDelegate [main] Bootstrapping Spring Data JPA repositories in DEFAULT mode.
2024-01-02 14:33:29,554 INFO org.springframework.data.repository.config.RepositoryConfigurationDelegate [main] Finished Spring Data repository scanning in 39 ms. Found 2 JPA repository interfaces.
2024-01-02 14:33:29,904 INFO org.springframework.boot.web.embedded.tomcat.TomcatWebServer [main] Tomcat initialized with port(s): 8080 (http)
2024-01-02 14:33:29,910 INFO org.apache.coyote.http11.Http11NioProtocol [main] Initializing ProtocolHandler ["http-nio-8080"]
2024-01-02 14:33:29,910 INFO org.apache.catalina.core.StandardService [main] Starting service [Tomcat]
2024-01-02 14:33:29,910 INFO org.apache.catalina.core.StandardEngine [main] Starting Servlet engine: [Apache Tomcat/10.1.16]
2024-01-02 14:33:29,979 INFO org.apache.catalina.core.ContainerBase.[Tomcat].[localhost].[/] [main] Initializing Spring embedded WebApplicationContext
2024-01-02 14:33:29,979 INFO org.springframework.boot.web.servlet.context.ServletWebServerApplicationContext [main] Root WebApplicationContext: initialization completed in 930 ms
2024-01-02 14:33:30,085 INFO org.hibernate.jpa.internal.util.LogHelper [main] HHH000204: Processing PersistenceUnitInfo [name: default]
2024-01-02 14:33:30,121 INFO org.hibernate.Version [main] HHH000412: Hibernate ORM core version 6.2.13.Final
2024-01-02 14:33:30,122 INFO org.hibernate.cfg.Environment [main] HHH000406: Using bytecode reflection optimizer
2024-01-02 14:33:30,317 INFO org.springframework.orm.jpa.persistenceunit.SpringPersistenceUnitInfo [main] No LoadTimeWeaver setup: ignoring JPA class transformer
2024-01-02 14:33:30,336 INFO com.zaxxer.hikari.HikariDataSource [main] HikariPool-1 - Starting...
2024-01-02 14:33:30,452 INFO com.zaxxer.hikari.pool.HikariPool [main] HikariPool-1 - Added connection com.mysql.cj.jdbc.ConnectionImpl@76af51d6
2024-01-02 14:33:30,454 INFO com.zaxxer.hikari.HikariDataSource [main] HikariPool-1 - Start completed.
2024-01-02 14:33:30,482 WARN org.hibernate.dialect.Dialect [main] HHH000511: The 5.5.0 version for [org.hibernate.dialect.MySQLDialect] is no longer supported, hence certain features may not work properly. The minimum supported version is 5.7.0. Check the community dialects project for available legacy versions.
2024-01-02 14:33:30,484 WARN org.hibernate.orm.deprecation [main] HHH90000025: MySQLDialect does not need to be specified explicitly using 'hibernate.dialect' (remove the property setting and it will be selected by default)
2024-01-02 14:33:31,098 INFO org.hibernate.engine.transaction.jta.platform.internal.JtaPlatformInitiator [main] HHH000489: No JTA platform available (set 'hibernate.transaction.jta.platform' to enable JTA platform integration)
2024-01-02 14:33:31,145 INFO org.springframework.orm.jpa.LocalContainerEntityManagerFactoryBean [main] Initialized JPA EntityManagerFactory for persistence unit 'default'
2024-01-02 14:33:31,398 WARN org.springframework.boot.autoconfigure.orm.jpa.JpaBaseConfiguration$JpaWebConfiguration [main] spring.jpa.open-in-view is enabled by default. Therefore, database queries may be performed during view rendering. Explicitly configure spring.jpa.open-in-view to disable this warning
2024-01-02 14:33:31,640 INFO org.apache.coyote.http11.Http11NioProtocol [main] Starting ProtocolHandler ["http-nio-8080"]
2024-01-02 14:33:31,655 INFO org.springframework.boot.web.embedded.tomcat.TomcatWebServer [main] Tomcat started on port(s): 8080 (http) with context path ''
2024-01-02 14:33:31,660 INFO com.mycompany.propertymanagement.PropertyManagementApplication [main] Started PropertyManagementApplication in 2.98 seconds (process running for 3.6)
2024-01-02 14:33:35,693 INFO org.apache.catalina.core.ContainerBase.[Tomcat].[localhost].[/] [http-nio-8080-exec-4] Initializing Spring DispatcherServlet 'dispatcherServlet'
2024-01-02 14:33:35,694 INFO org.springframework.web.servlet.DispatcherServlet [http-nio-8080-exec-4] Initializing Servlet 'dispatcherServlet'
2024-01-02 14:33:35,694 INFO org.springframework.web.servlet.DispatcherServlet [http-nio-8080-exec-4] Completed initialization in 0 ms
2024-01-02 14:33:35,799 INFO com.mycompany.propertymanagement.exception.CustomExceptionHandler [http-nio-8080-exec-4] Inside field validation: info ownerEmail - ownerName cannot be empty
2024-01-02 14:33:35,800 INFO com.mycompany.propertymanagement.exception.CustomExceptionHandler [http-nio-8080-exec-4] Inside field validation: info ownerEmail - Owner Email is mandatory 
2024-01-02 14:33:51,876 INFO org.springframework.orm.jpa.LocalContainerEntityManagerFactoryBean [SpringApplicationShutdownHook] Closing JPA EntityManagerFactory for persistence unit 'default'
2024-01-02 14:33:51,878 INFO com.zaxxer.hikari.HikariDataSource [SpringApplicationShutdownHook] HikariPool-1 - Shutdown initiated...
2024-01-02 14:33:51,884 INFO com.zaxxer.hikari.HikariDataSource [SpringApplicationShutdownHook] HikariPool-1 - Shutdown completed.
